<?xml version="1.0" encoding="UTF-8"?>
<!-- Generated by org.testng.reporters.JUnitReportReporter -->
<testsuite name="com.qmetry.qaf.automation.step.client.DataDrivenScenario" tests="1" time="0.606" ignored="1" failures="0" timestamp="17 Jan 2018 10:07:42 GMT" skipped="1" hostname="ICPL11500" errors="0">
  <testcase name="Flipkart Product details verification" time="0.606" classname="com.qmetry.qaf.automation.step.client.DataDrivenScenario">
    <skipped/>
  </testcase> <!-- Flipkart Product details verification -->
  <testcase name="Flipkart Product details verification" classname="com.qmetry.qaf.automation.step.client.DataDrivenScenario">
    <skipped/>
  </testcase> <!-- Flipkart Product details verification -->
</testsuite> <!-- com.qmetry.qaf.automation.step.client.DataDrivenScenario -->
