<?xml version="1.0" encoding="UTF-8"?>
<!-- Generated by org.testng.reporters.JUnitReportReporter -->
<testsuite name="com.testflipkart.steps1.FlipKartOrderVerificationTestPage" tests="1" time="22.332" ignored="0" failures="0" timestamp="28 Dec 2017 08:26:36 GMT" skipped="0" hostname="ICPL11500" errors="0">
  <testcase name="verifyOrder" time="22.332" classname="com.testflipkart.steps1.FlipKartOrderVerificationTestPage"/>
</testsuite> <!-- com.testflipkart.steps1.FlipKartOrderVerificationTestPage -->
