<?xml version="1.0" encoding="UTF-8"?>
<!-- Generated by org.testng.reporters.JUnitReportReporter -->
<testsuite skipped="1" hostname="ICPL11500" name="com.testflipkart.scripts.TestFlipkartOrder" tests="1" failures="0" timestamp="17 Jan 2018 10:05:49 GMT" time="0.400" errors="0">
  <testcase name="verifyOrder1" time="0.400" classname="com.testflipkart.scripts.TestFlipkartOrder">
    <skipped/>
  </testcase> <!-- verifyOrder1 -->
</testsuite> <!-- com.testflipkart.scripts.TestFlipkartOrder -->
