<?xml version="1.0" encoding="UTF-8"?>
<!-- Generated by org.testng.reporters.JUnitReportReporter -->
<testsuite name="com.testflipkart.steps.FlipKartOrderVerificationTestPage" tests="1" time="21.639" ignored="0" failures="0" timestamp="27 Dec 2017 12:11:51 GMT" skipped="0" hostname="ICPL11500" errors="1">
  <testcase name="verifyOrder" time="21.639" classname="com.testflipkart.steps.FlipKartOrderVerificationTestPage">
    <error/>
  </testcase> <!-- verifyOrder -->
</testsuite> <!-- com.testflipkart.steps.FlipKartOrderVerificationTestPage -->
