<?xml version="1.0" encoding="UTF-8"?>
<!-- Generated by org.testng.reporters.JUnitReportReporter -->
<testsuite skipped="0" hostname="ICPL11500" name="com.testflipkart.scripts.FlipKartOrderVerificationTestPage" tests="2" failures="0" timestamp="18 Jan 2018 05:30:11 GMT" time="38.691" errors="0">
  <testcase name="verifyOrder" time="15.752" classname="com.testflipkart.scripts.FlipKartOrderVerificationTestPage"/>
  <testcase name="verifyOrder" time="22.939" classname="com.testflipkart.scripts.FlipKartOrderVerificationTestPage"/>
</testsuite> <!-- com.testflipkart.scripts.FlipKartOrderVerificationTestPage -->
