<?xml version="1.0" encoding="UTF-8"?>
<!-- Generated by org.testng.reporters.JUnitReportReporter -->
<testsuite name="com.testflipkart.scripts.FlipKartOrderVerificationTestPage" tests="1" time="25.366" ignored="0" failures="0" timestamp="17 Jan 2018 10:14:49 GMT" skipped="0" hostname="ICPL11500" errors="0">
  <testcase name="verifyOrder" time="25.366" classname="com.testflipkart.scripts.FlipKartOrderVerificationTestPage"/>
</testsuite> <!-- com.testflipkart.scripts.FlipKartOrderVerificationTestPage -->
